<?xml version="1.0" encoding="UTF-8"?>
<robot generator="Robot 3.2.1 (Python 3.9.2 on win32)" generated="20210523 15:28:11.121" rpa="false">
<suite id="s1" name="firstProjet" source="C:\Users\nawal\rahmate\firstProjet">
<suite id="s1-s1" name="TestSuite1" source="C:\Users\nawal\rahmate\firstProjet\TestSuite1.robot">
<test id="s1-s1-t1" name="SimpleTestLogin">
<kw name="Open Browser" library="SeleniumLibrary">
<doc>Opens a new browser instance to the optional ``url``.</doc>
<arguments>
<arg>https://opensource-demo.orangehrmlive.com/</arg>
<arg>chrome</arg>
</arguments>
<msg timestamp="20210523 15:28:11.363" level="INFO">Opening browser 'chrome' to base url 'https://opensource-demo.orangehrmlive.com/'.</msg>
<status status="PASS" starttime="20210523 15:28:11.363" endtime="20210523 15:28:18.875"></status>
</kw>
<kw name="Set Browser Implicit Wait" library="SeleniumLibrary">
<doc>Sets the implicit wait value used by Selenium.</doc>
<arguments>
<arg>5</arg>
</arguments>
<status status="PASS" starttime="20210523 15:28:18.875" endtime="20210523 15:28:18.877"></status>
</kw>
<kw name="Input Text" library="SeleniumLibrary">
<doc>Types the given ``text`` into the text field identified by ``locator``.</doc>
<arguments>
<arg>id=txtUsername</arg>
<arg>Admin</arg>
</arguments>
<msg timestamp="20210523 15:28:18.877" level="INFO">Typing text 'Admin' into text field 'id=txtUsername'.</msg>
<status status="PASS" starttime="20210523 15:28:18.877" endtime="20210523 15:28:18.970"></status>
</kw>
<kw name="Sleep" library="BuiltIn">
<doc>Pauses the test executed for the given time.</doc>
<arguments>
<arg>1</arg>
</arguments>
<msg timestamp="20210523 15:28:19.975" level="INFO">Slept 1 second</msg>
<status status="PASS" starttime="20210523 15:28:18.970" endtime="20210523 15:28:19.976"></status>
</kw>
<kw name="Input Password" library="SeleniumLibrary">
<doc>Types the given password into the text field identified by ``locator``.</doc>
<arguments>
<arg>id=txtPassword</arg>
<arg>admin123</arg>
</arguments>
<msg timestamp="20210523 15:28:19.976" level="INFO">Typing password into text field 'id=txtPassword'.</msg>
<msg timestamp="20210523 15:28:20.037" level="INFO">Temporally setting log level to: NONE</msg>
<msg timestamp="20210523 15:28:20.119" level="INFO">Log level changed from NONE to INFO.</msg>
<status status="PASS" starttime="20210523 15:28:19.976" endtime="20210523 15:28:20.120"></status>
</kw>
<kw name="Sleep" library="BuiltIn">
<doc>Pauses the test executed for the given time.</doc>
<arguments>
<arg>1</arg>
</arguments>
<msg timestamp="20210523 15:28:21.126" level="INFO">Slept 1 second</msg>
<status status="PASS" starttime="20210523 15:28:20.120" endtime="20210523 15:28:21.127"></status>
</kw>
<kw name="Click Button" library="SeleniumLibrary">
<doc>Clicks the button identified by ``locator``.</doc>
<arguments>
<arg>id=btnLogin</arg>
</arguments>
<msg timestamp="20210523 15:28:21.128" level="INFO">Clicking button 'id=btnLogin'.</msg>
<status status="PASS" starttime="20210523 15:28:21.127" endtime="20210523 15:28:25.594"></status>
</kw>
<kw name="Click Element" library="SeleniumLibrary">
<doc>Click the element identified by ``locator``.</doc>
<arguments>
<arg>id=welcome</arg>
</arguments>
<msg timestamp="20210523 15:28:25.595" level="INFO">Clicking element 'id=welcome'.</msg>
<status status="PASS" starttime="20210523 15:28:25.595" endtime="20210523 15:28:25.655"></status>
</kw>
<kw name="Sleep" library="BuiltIn">
<doc>Pauses the test executed for the given time.</doc>
<arguments>
<arg>3</arg>
</arguments>
<msg timestamp="20210523 15:28:28.664" level="INFO">Slept 3 seconds</msg>
<status status="PASS" starttime="20210523 15:28:25.655" endtime="20210523 15:28:28.665"></status>
</kw>
<kw name="Click Element" library="SeleniumLibrary">
<doc>Click the element identified by ``locator``.</doc>
<arguments>
<arg>link=Logout</arg>
</arguments>
<msg timestamp="20210523 15:28:28.666" level="INFO">Clicking element 'link=Logout'.</msg>
<status status="PASS" starttime="20210523 15:28:28.665" endtime="20210523 15:28:29.879"></status>
</kw>
<kw name="Close Browser" library="SeleniumLibrary">
<doc>Closes the current browser.</doc>
<status status="PASS" starttime="20210523 15:28:29.880" endtime="20210523 15:28:32.038"></status>
</kw>
<kw name="Log" library="BuiltIn">
<doc>Logs the given message with the given level.</doc>
<arguments>
<arg>test completed</arg>
</arguments>
<msg timestamp="20210523 15:28:32.039" level="INFO">test completed</msg>
<status status="PASS" starttime="20210523 15:28:32.038" endtime="20210523 15:28:32.039"></status>
</kw>
<status status="PASS" starttime="20210523 15:28:11.362" endtime="20210523 15:28:32.039" critical="yes"></status>
</test>
<status status="PASS" starttime="20210523 15:28:11.172" endtime="20210523 15:28:32.040"></status>
</suite>
<status status="PASS" starttime="20210523 15:28:11.152" endtime="20210523 15:28:32.041"></status>
</suite>
<statistics>
<total>
<stat pass="1" fail="0">Critical Tests</stat>
<stat pass="1" fail="0">All Tests</stat>
</total>
<tag>
</tag>
<suite>
<stat pass="1" fail="0" id="s1" name="firstProjet">firstProjet</stat>
<stat pass="1" fail="0" id="s1-s1" name="TestSuite1">firstProjet.TestSuite1</stat>
</suite>
</statistics>
<errors>
</errors>
</robot>
